mode: set
github.com\semua\basiclist\basiclist.go:23.32,26.2 2 1
github.com\semua\basiclist\basiclist.go:31.85,32.19 1 1
github.com\semua\basiclist\basiclist.go:73.2,73.21 1 1
github.com\semua\basiclist\basiclist.go:32.19,36.3 3 1
github.com\semua\basiclist\basiclist.go:36.3,44.7 8 1
github.com\semua\basiclist\basiclist.go:67.3,67.21 1 1
github.com\semua\basiclist\basiclist.go:44.7,45.43 1 1
github.com\semua\basiclist\basiclist.go:59.4,59.35 1 1
github.com\semua\basiclist\basiclist.go:63.4,64.38 2 1
github.com\semua\basiclist\basiclist.go:45.43,46.24 1 1
github.com\semua\basiclist\basiclist.go:54.5,56.10 3 1
github.com\semua\basiclist\basiclist.go:46.24,49.6 2 1
github.com\semua\basiclist\basiclist.go:49.6,53.6 3 1
github.com\semua\basiclist\basiclist.go:59.35,60.10 1 1
github.com\semua\basiclist\basiclist.go:67.21,71.4 3 1
github.com\semua\basiclist\basiclist.go:76.68,77.33 1 1
github.com\semua\basiclist\basiclist.go:80.2,80.37 1 1
github.com\semua\basiclist\basiclist.go:77.33,79.3 1 1
github.com\semua\basiclist\basiclist.go:83.88,86.6 3 1
github.com\semua\basiclist\basiclist.go:102.2,102.37 1 1
github.com\semua\basiclist\basiclist.go:86.6,87.44 1 1
github.com\semua\basiclist\basiclist.go:90.3,90.43 1 1
github.com\semua\basiclist\basiclist.go:93.3,93.40 1 1
github.com\semua\basiclist\basiclist.go:96.3,96.66 1 1
github.com\semua\basiclist\basiclist.go:99.3,100.31 2 1
github.com\semua\basiclist\basiclist.go:87.44,88.9 1 1
github.com\semua\basiclist\basiclist.go:90.43,92.4 1 1
github.com\semua\basiclist\basiclist.go:93.40,95.4 1 1
github.com\semua\basiclist\basiclist.go:96.66,97.9 1 1
github.com\semua\basiclist\basiclist.go:105.98,108.24 3 1
github.com\semua\basiclist\basiclist.go:111.2,111.6 1 1
github.com\semua\basiclist\basiclist.go:124.2,124.37 1 1
github.com\semua\basiclist\basiclist.go:108.24,110.3 1 1
github.com\semua\basiclist\basiclist.go:111.6,112.42 1 1
github.com\semua\basiclist\basiclist.go:115.3,115.91 1 1
github.com\semua\basiclist\basiclist.go:118.3,118.40 1 1
github.com\semua\basiclist\basiclist.go:121.3,122.31 2 1
github.com\semua\basiclist\basiclist.go:112.42,113.9 1 1
github.com\semua\basiclist\basiclist.go:115.91,117.4 1 1
github.com\semua\basiclist\basiclist.go:118.40,120.4 1 1
github.com\semua\basiclist\basiclist.go:127.101,130.24 3 1
github.com\semua\basiclist\basiclist.go:133.2,133.6 1 1
github.com\semua\basiclist\basiclist.go:146.2,146.37 1 1
github.com\semua\basiclist\basiclist.go:130.24,132.3 1 1
github.com\semua\basiclist\basiclist.go:133.6,134.43 1 1
github.com\semua\basiclist\basiclist.go:137.3,137.39 1 1
github.com\semua\basiclist\basiclist.go:140.3,140.113 1 1
github.com\semua\basiclist\basiclist.go:143.3,144.31 2 1
github.com\semua\basiclist\basiclist.go:134.43,136.4 1 1
github.com\semua\basiclist\basiclist.go:137.39,138.9 1 1
github.com\semua\basiclist\basiclist.go:140.113,142.4 1 1
github.com\semua\basiclist\basiclist.go:148.66,149.33 1 1
github.com\semua\basiclist\basiclist.go:166.2,166.37 1 1
github.com\semua\basiclist\basiclist.go:149.33,152.22 3 1
github.com\semua\basiclist\basiclist.go:157.3,157.22 1 1
github.com\semua\basiclist\basiclist.go:162.3,164.20 3 1
github.com\semua\basiclist\basiclist.go:152.22,154.4 1 1
github.com\semua\basiclist\basiclist.go:154.4,156.4 1 1
github.com\semua\basiclist\basiclist.go:157.22,159.4 1 1
github.com\semua\basiclist\basiclist.go:159.4,161.4 1 1
github.com\semua\basiclist\basiclist.go:169.62,171.34 2 1
github.com\semua\basiclist\basiclist.go:174.2,176.6 3 1
github.com\semua\basiclist\basiclist.go:189.2,189.19 1 1
github.com\semua\basiclist\basiclist.go:171.34,173.3 1 1
github.com\semua\basiclist\basiclist.go:176.6,177.25 1 1
github.com\semua\basiclist\basiclist.go:180.3,180.25 1 1
github.com\semua\basiclist\basiclist.go:183.3,183.19 1 1
github.com\semua\basiclist\basiclist.go:186.3,187.16 2 1
github.com\semua\basiclist\basiclist.go:177.25,178.9 1 1
github.com\semua\basiclist\basiclist.go:180.25,181.9 1 1
github.com\semua\basiclist\basiclist.go:183.19,185.4 1 1
github.com\semua\basiclist\basiclist.go:191.29,194.17 3 1
github.com\semua\basiclist\basiclist.go:198.2,199.6 2 1
github.com\semua\basiclist\basiclist.go:206.2,206.21 1 1
github.com\semua\basiclist\basiclist.go:194.17,197.3 2 1
github.com\semua\basiclist\basiclist.go:199.6,201.34 2 1
github.com\semua\basiclist\basiclist.go:204.3,204.37 1 1
github.com\semua\basiclist\basiclist.go:201.34,202.9 1 1
